<?xml version="1.0" encoding="utf-8"?><testsuites name="pytest tests"><testsuite name="pytest" errors="0" failures="0" skipped="0" tests="45" time="15.242" timestamp="2026-07-15T16:34:22.384139+00:00" hostname="agent-env-2f66218a-713a-4907-bcf5-018371b3acdf"><testcase classname="tests.backend_test.TestSavingsCalculations" name="test_estimate_tokens_helper" time="1.567" /><testcase classname="tests.backend_test.TestAnalytics" name="test_trends[7]" time="0.652" /><testcase classname="tests.backend_test.TestAnalytics" name="test_trends[14]" time="0.057" /><testcase classname="tests.backend_test.TestAnalytics" name="test_trends[30]" time="0.056" /><testcase classname="tests.backend_test.TestAnalytics" name="test_leaderboard" time="0.054" /><testcase classname="tests.backend_test.TestAnalytics" name="test_challenges" time="0.076" /><testcase classname="tests.backend_test.TestAnalytics" name="test_badges" time="0.056" /><testcase classname="tests.backend_test.TestImprovementsDetector" name="test_filler_heavy_prompt_detects_redundant_and_vague" time="0.057" /><testcase classname="tests.backend_test.TestImprovementsDetector" name="test_long_sentence_high_severity" time="0.054" /><testcase classname="tests.backend_test.TestImprovementsDetector" name="test_no_action_verb" time="0.053" /><testcase classname="tests.backend_test.TestImprovementsDetector" name="test_all_caps_shouting" time="0.053" /><testcase classname="tests.backend_test.TestImprovementsDetector" name="test_clean_prompt_no_or_minimal_issues" time="0.058" /><testcase classname="tests.backend_test.TestImprovementsDetector" name="test_improvements_direct_helper" time="1.543" /><testcase classname="tests.backend_test.TestSavingsCalculations" name="test_estimate_savings_helper_non_negative" time="0.000" /><testcase classname="tests.backend_test.TestSavingsCalculations" name="test_estimate_savings_math_matches" time="0.000" /><testcase classname="tests.backend_test.TestSavingsCalculations" name="test_optimize_verbose_prompt_positive_savings" time="2.893" /><testcase classname="tests.backend_test.TestAuth" name="test_me_without_token" time="0.054" /><testcase classname="tests.backend_test.TestAuth" name="test_register_and_login" time="0.283" /><testcase classname="tests.backend_test.TestAuth" name="test_login_invalid" time="0.281" /><testcase classname="tests.backend_test.TestAuth" name="test_register_duplicate" time="0.054" /><testcase classname="tests.backend_test.TestAuth" name="test_me_with_token" time="0.057" /><testcase classname="tests.backend_test.TestPromptCopilot" name="test_analyze" time="0.056" /><testcase classname="tests.backend_test.TestPromptCopilot" name="test_suggest" time="2.648" /><testcase classname="tests.backend_test.TestSavingsCalculations" name="test_optimize_already_short_prompt" time="3.344" /><testcase classname="tests.backend_test.TestPromptCopilot" name="test_recommend" time="0.060" /><testcase classname="tests.backend_test.TestPromptCopilot" name="test_optimize_and_accept" time="2.538" /><testcase classname="tests.backend_test.TestSavingsCalculations" name="test_optimize_empty_prompt" time="0.159" /><testcase classname="tests.backend_test.TestSavingsCalculations" name="test_optimize_whitespace_prompt" time="0.304" /><testcase classname="tests.backend_test.TestSavingsCalculations" name="test_optimize_returns_rewritten_prompt_not_answer" time="1.716" /><testcase classname="tests.backend_test.TestChat" name="test_create_chat" time="0.062" /><testcase classname="tests.backend_test.TestChat" name="test_list_chats" time="0.064" /><testcase classname="tests.backend_test.TestChat" name="test_stream_message" time="2.685" /><testcase classname="tests.backend_test.TestSavingsCalculations" name="test_accept_does_not_accumulate_negative" time="2.221" /><testcase classname="tests.backend_test.TestChat" name="test_delete_chat" time="0.151" /><testcase classname="tests.backend_test.TestSuggestBatch" name="test_suggest_returns_suggestion_and_chips" time="2.289" /><testcase classname="tests.backend_test.TestSettingsReports" name="test_settings_persist" time="0.154" /><testcase classname="tests.backend_test.TestSettingsReports" name="test_export" time="0.055" /><testcase classname="tests.backend_test.TestSettingsReports" name="test_pdf_report" time="0.189" /><testcase classname="tests.backend_test.TestHealth" name="test_root" time="0.047" /><testcase classname="tests.backend_test.TestHealth" name="test_health" time="0.055" /><testcase classname="tests.backend_test.TestAdmin" name="test_non_admin_forbidden" time="0.049" /><testcase classname="tests.backend_test.TestAdmin" name="test_admin_stats_after_promote" time="1.639" /><testcase classname="tests.backend_test.TestSuggestBatch" name="test_suggest_short_prompt_returns_empty" time="0.088" /><testcase classname="tests.backend_test.TestSuggestBatch" name="test_suggest_empty_prompt" time="0.047" /><testcase classname="tests.backend_test.TestDashboard" name="test_summary_fields" time="0.058" /></testsuite></testsuites>